[debug] [2026-03-12T18:36:53.216Z] ----------------------------------------------------------------------
[debug] [2026-03-12T18:36:53.218Z] Command:       /usr/local/share/nvm/versions/node/v24.11.1/bin/node /home/codespace/nvm/current/bin/firebase deploy
[debug] [2026-03-12T18:36:53.218Z] CLI Version:   15.7.0
[debug] [2026-03-12T18:36:53.218Z] Platform:      linux
[debug] [2026-03-12T18:36:53.219Z] Node Version:  v24.11.1
[debug] [2026-03-12T18:36:53.219Z] Time:          Thu Mar 12 2026 18:36:53 GMT+0000 (Coordinated Universal Time)
[debug] [2026-03-12T18:36:53.219Z] ----------------------------------------------------------------------
[debug] 
[debug] [2026-03-12T18:36:54.720Z] > command requires scopes: ["email","openid","https://www.googleapis.com/auth/cloudplatformprojects.readonly","https://www.googleapis.com/auth/firebase","https://www.googleapis.com/auth/cloud-platform"]
[debug] [2026-03-12T18:36:54.721Z] > authorizing via signed-in user (info@transitai.nl)
[debug] [2026-03-12T18:36:54.721Z] [iam] checking project transitai-f9eaf for permissions ["cloudfunctions.functions.create","cloudfunctions.functions.delete","cloudfunctions.functions.get","cloudfunctions.functions.list","cloudfunctions.functions.update","cloudfunctions.operations.get","firebase.projects.get","firebasehosting.sites.update"]
[debug] [2026-03-12T18:36:54.722Z] Checked if tokens are valid: true, expires at: 1773344202667
[debug] [2026-03-12T18:36:54.722Z] Checked if tokens are valid: true, expires at: 1773344202667
[debug] [2026-03-12T18:36:54.723Z] >>> [apiv2][query] POST https://cloudresourcemanager.googleapis.com/v1/projects/transitai-f9eaf:testIamPermissions [none]
[debug] [2026-03-12T18:36:54.723Z] >>> [apiv2][(partial)header] POST https://cloudresourcemanager.googleapis.com/v1/projects/transitai-f9eaf:testIamPermissions  x-goog-user-project=transitai-f9eaf
[debug] [2026-03-12T18:36:54.723Z] >>> [apiv2][body] POST https://cloudresourcemanager.googleapis.com/v1/projects/transitai-f9eaf:testIamPermissions {"permissions":["cloudfunctions.functions.create","cloudfunctions.functions.delete","cloudfunctions.functions.get","cloudfunctions.functions.list","cloudfunctions.functions.update","cloudfunctions.operations.get","firebase.projects.get","firebasehosting.sites.update"]}
[debug] [2026-03-12T18:36:54.854Z] <<< [apiv2][status] POST https://cloudresourcemanager.googleapis.com/v1/projects/transitai-f9eaf:testIamPermissions 200
[debug] [2026-03-12T18:36:54.854Z] <<< [apiv2][body] POST https://cloudresourcemanager.googleapis.com/v1/projects/transitai-f9eaf:testIamPermissions {"permissions":["cloudfunctions.functions.create","cloudfunctions.functions.delete","cloudfunctions.functions.get","cloudfunctions.functions.list","cloudfunctions.functions.update","cloudfunctions.operations.get","firebase.projects.get","firebasehosting.sites.update"]}
[debug] [2026-03-12T18:36:54.855Z] Checked if tokens are valid: true, expires at: 1773344202667
[debug] [2026-03-12T18:36:54.855Z] Checked if tokens are valid: true, expires at: 1773344202667
[debug] [2026-03-12T18:36:54.855Z] >>> [apiv2][query] POST https://iam.googleapis.com/v1/projects/transitai-f9eaf/serviceAccounts/transitai-f9eaf@appspot.gserviceaccount.com:testIamPermissions [none]
[debug] [2026-03-12T18:36:54.855Z] >>> [apiv2][body] POST https://iam.googleapis.com/v1/projects/transitai-f9eaf/serviceAccounts/transitai-f9eaf@appspot.gserviceaccount.com:testIamPermissions {"permissions":["iam.serviceAccounts.actAs"]}
[debug] [2026-03-12T18:36:54.967Z] <<< [apiv2][status] POST https://iam.googleapis.com/v1/projects/transitai-f9eaf/serviceAccounts/transitai-f9eaf@appspot.gserviceaccount.com:testIamPermissions 200
[debug] [2026-03-12T18:36:54.968Z] <<< [apiv2][body] POST https://iam.googleapis.com/v1/projects/transitai-f9eaf/serviceAccounts/transitai-f9eaf@appspot.gserviceaccount.com:testIamPermissions {"permissions":["iam.serviceAccounts.actAs"]}
[debug] [2026-03-12T18:36:54.968Z] Checked if tokens are valid: true, expires at: 1773344202667
[debug] [2026-03-12T18:36:54.968Z] Checked if tokens are valid: true, expires at: 1773344202667
[debug] [2026-03-12T18:36:54.968Z] >>> [apiv2][query] GET https://firebase.googleapis.com/v1beta1/projects/transitai-f9eaf [none]
[debug] [2026-03-12T18:36:55.197Z] <<< [apiv2][status] GET https://firebase.googleapis.com/v1beta1/projects/transitai-f9eaf 200
[debug] [2026-03-12T18:36:55.197Z] <<< [apiv2][body] GET https://firebase.googleapis.com/v1beta1/projects/transitai-f9eaf {"projectId":"transitai-f9eaf","projectNumber":"329391018354","displayName":"transitai","name":"projects/transitai-f9eaf","resources":{"hostingSite":"transitai-f9eaf"},"state":"ACTIVE","etag":"1_c3f4666b-d001-4b74-b0f4-65ee31e6f23a"}
[info] 
[info] === Deploying to 'transitai-f9eaf'...
[info] 
[info] i  deploying functions, hosting 
[info] Running command: npm run build
[info] ✔  hosting: Finished running predeploy script. 
[debug] [2026-03-12T18:36:55.870Z] Checked if tokens are valid: true, expires at: 1773344202667
[debug] [2026-03-12T18:36:55.870Z] Checked if tokens are valid: true, expires at: 1773344202667
[debug] [2026-03-12T18:36:55.870Z] >>> [apiv2][query] GET https://cloudresourcemanager.googleapis.com/v1/projects/transitai-f9eaf [none]
[debug] [2026-03-12T18:36:55.957Z] <<< [apiv2][status] GET https://cloudresourcemanager.googleapis.com/v1/projects/transitai-f9eaf 200
[debug] [2026-03-12T18:36:55.957Z] <<< [apiv2][body] GET https://cloudresourcemanager.googleapis.com/v1/projects/transitai-f9eaf {"projectNumber":"329391018354","projectId":"transitai-f9eaf","lifecycleState":"ACTIVE","name":"transitai","labels":{"firebase":"enabled","firebase-core":"disabled"},"createTime":"2026-02-20T14:38:05.831753Z","parent":{"type":"organization","id":"949927415654"}}
[info] i  functions: preparing codebase default for deployment 
[info] i  functions: ensuring required API cloudfunctions.googleapis.com is enabled... 
[info] i  functions: ensuring required API cloudbuild.googleapis.com is enabled... 
[info] i  artifactregistry: ensuring required API artifactregistry.googleapis.com is enabled... 
[debug] [2026-03-12T18:36:55.959Z] Checked if tokens are valid: true, expires at: 1773344202667
[debug] [2026-03-12T18:36:55.959Z] Checked if tokens are valid: true, expires at: 1773344202667
[debug] [2026-03-12T18:36:55.959Z] >>> [apiv2][query] GET https://firebase.googleapis.com/v1beta1/projects/transitai-f9eaf/adminSdkConfig [none]
[debug] [2026-03-12T18:36:56.274Z] <<< [apiv2][status] GET https://firebase.googleapis.com/v1beta1/projects/transitai-f9eaf/adminSdkConfig 200
[debug] [2026-03-12T18:36:56.275Z] <<< [apiv2][body] GET https://firebase.googleapis.com/v1beta1/projects/transitai-f9eaf/adminSdkConfig {"projectId":"transitai-f9eaf","storageBucket":"transitai-f9eaf.firebasestorage.app"}
[debug] [2026-03-12T18:36:56.275Z] Checked if tokens are valid: true, expires at: 1773344202667
[debug] [2026-03-12T18:36:56.275Z] Checked if tokens are valid: true, expires at: 1773344202667
[debug] [2026-03-12T18:36:56.275Z] >>> [apiv2][query] GET https://runtimeconfig.googleapis.com/v1beta1/projects/transitai-f9eaf/configs [none]
[debug] [2026-03-12T18:36:56.477Z] <<< [apiv2][status] GET https://runtimeconfig.googleapis.com/v1beta1/projects/transitai-f9eaf/configs 200
[debug] [2026-03-12T18:36:56.477Z] <<< [apiv2][body] GET https://runtimeconfig.googleapis.com/v1beta1/projects/transitai-f9eaf/configs {}
[debug] [2026-03-12T18:36:56.480Z] Validating nodejs source
[warn] ⚠  functions: Runtime Node.js 20 will be deprecated on 2026-04-30 and will be decommissioned on 2026-10-30, after which you will not be able to deploy without upgrading. Consider upgrading now to avoid disruption. See https://cloud.google.com/functions/docs/runtime-support for full details on the lifecycle policy 
[warn] ⚠  functions: package.json indicates an outdated version of firebase-functions. Please upgrade using npm install --save firebase-functions@latest in your functions directory. 
[warn] ⚠  functions: Please note that there will be breaking changes when you upgrade. 
[debug] [2026-03-12T18:36:57.051Z] > [functions] package.json contents: {
  "name": "transitai-functions",
  "description": "Cloud Functions for TransitAI",
  "private": true,
  "engines": {
    "node": "20"
  },
  "scripts": {
    "start": "firebase emulators:start --only functions",
    "deploy": "firebase deploy --only functions"
  },
  "dependencies": {
    "cors": "^2.8.5",
    "express": "^4.18.2",
    "firebase-admin": "^11.0.0",
    "firebase-functions": "^4.4.0"
  }
}
[debug] [2026-03-12T18:36:57.051Z] Building nodejs source
[info] i  functions: Loading and analyzing source code for codebase default to determine what to deploy 
[info] i  functions: You are using a version of firebase-functions SDK (4.9.0) that does not have support for the newest Firebase Extensions features. Please update firebase-functions SDK to >=5.1.0 to use them correctly 
[debug] [2026-03-12T18:36:57.052Z] Could not find functions.yaml. Must use http discovery
[debug] [2026-03-12T18:36:57.057Z] Found firebase-functions binary at '/workspaces/transitai/functions/node_modules/.bin/firebase-functions'
[info] Serving at port 8819

[debug] [2026-03-12T18:36:58.122Z] Got response from /__/functions.yaml {"endpoints":{"api":{"platform":"gcfv1","availableMemoryMb":null,"timeoutSeconds":null,"minInstances":null,"maxInstances":null,"ingressSettings":null,"serviceAccountEmail":null,"vpc":null,"httpsTrigger":{},"entryPoint":"api"}},"specVersion":"v1alpha1","requiredAPIs":[]}
[info] i  functions: preparing functions directory for uploading... 
[info] i  functions: packaged /workspaces/transitai/functions (36.52 KB) for uploading 
[debug] [2026-03-12T18:37:02.173Z] Checked if tokens are valid: true, expires at: 1773344202667
[debug] [2026-03-12T18:37:02.173Z] Checked if tokens are valid: true, expires at: 1773344202667
[debug] [2026-03-12T18:37:02.173Z] >>> [apiv2][query] GET https://cloudfunctions.googleapis.com/v1/projects/transitai-f9eaf/locations/-/functions [none]
[debug] [2026-03-12T18:37:02.717Z] <<< [apiv2][status] GET https://cloudfunctions.googleapis.com/v1/projects/transitai-f9eaf/locations/-/functions 200
[debug] [2026-03-12T18:37:02.717Z] <<< [apiv2][body] GET https://cloudfunctions.googleapis.com/v1/projects/transitai-f9eaf/locations/-/functions {"functions":[{"name":"projects/transitai-f9eaf/locations/us-central1/functions/api","httpsTrigger":{"url":"https://us-central1-transitai-f9eaf.cloudfunctions.net/api","securityLevel":"SECURE_ALWAYS"},"status":"OFFLINE","entryPoint":"api","timeout":"60s","availableMemoryMb":256,"serviceAccountEmail":"transitai-f9eaf@appspot.gserviceaccount.com","updateTime":"2026-02-20T16:17:21.922638126Z","versionId":"6","labels":{"deployment-tool":"cli-firebase","firebase-functions-hash":"452cd7074589e85a7716324ab689730f5a3de64e"},"sourceUploadUrl":"https://storage.googleapis.com/uploads-131388616217.us-central1.cloudfunctions.appspot.com/22a59975-e29f-47b3-b37c-3e6c2cee25b1.zip","environmentVariables":{"FIREBASE_CONFIG":"{\"projectId\":\"transitai-f9eaf\",\"storageBucket\":\"transitai-f9eaf.firebasestorage.app\"}","GCLOUD_PROJECT":"transitai-f9eaf","EVENTARC_CLOUD_EVENT_SOURCE":"projects/transitai-f9eaf/locations/us-central1/functions/api"},"runtime":"nodejs20","ingressSettings":"ALLOW_ALL","buildId":"fa1f1202-3310-42d7-9087-491f85958630","buildEnvironmentVariables":{"GOOGLE_NODE_RUN_SCRIPTS":""},"buildName":"projects/329391018354/locations/us-central1/builds/fa1f1202-3310-42d7-9087-491f85958630","dockerRegistry":"ARTIFACT_REGISTRY","automaticUpdatePolicy":{},"buildServiceAccount":"projects/transitai-f9eaf/serviceAccounts/329391018354-compute@developer.gserviceaccount.com","satisfiesPzi":true}]}
[debug] [2026-03-12T18:37:02.718Z] Checked if tokens are valid: true, expires at: 1773344202667
[debug] [2026-03-12T18:37:02.718Z] Checked if tokens are valid: true, expires at: 1773344202667
[debug] [2026-03-12T18:37:02.718Z] >>> [apiv2][query] GET https://cloudfunctions.googleapis.com/v2/projects/transitai-f9eaf/locations/-/functions filter=environment%3D%22GEN_2%22
[debug] [2026-03-12T18:37:03.271Z] <<< [apiv2][status] GET https://cloudfunctions.googleapis.com/v2/projects/transitai-f9eaf/locations/-/functions 200
[debug] [2026-03-12T18:37:03.271Z] <<< [apiv2][body] GET https://cloudfunctions.googleapis.com/v2/projects/transitai-f9eaf/locations/-/functions {}
[debug] [2026-03-12T18:37:03.274Z] Checked if tokens are valid: true, expires at: 1773344202667
[debug] [2026-03-12T18:37:03.275Z] Checked if tokens are valid: true, expires at: 1773344202667
[debug] [2026-03-12T18:37:03.275Z] >>> [apiv2][query] GET https://cloudresourcemanager.googleapis.com/v1/projects/transitai-f9eaf [none]
[debug] [2026-03-12T18:37:03.440Z] <<< [apiv2][status] GET https://cloudresourcemanager.googleapis.com/v1/projects/transitai-f9eaf 200
[debug] [2026-03-12T18:37:03.441Z] <<< [apiv2][body] GET https://cloudresourcemanager.googleapis.com/v1/projects/transitai-f9eaf {"projectNumber":"329391018354","projectId":"transitai-f9eaf","lifecycleState":"ACTIVE","name":"transitai","labels":{"firebase":"enabled","firebase-core":"disabled"},"createTime":"2026-02-20T14:38:05.831753Z","parent":{"type":"organization","id":"949927415654"}}
[debug] [2026-03-12T18:37:03.442Z] Checked if tokens are valid: true, expires at: 1773344202667
[debug] [2026-03-12T18:37:03.442Z] Checked if tokens are valid: true, expires at: 1773344202667
[debug] [2026-03-12T18:37:03.442Z] >>> [apiv2][query] POST https://firebasehosting.googleapis.com/v1beta1/projects/-/sites/transitai-f9eaf/versions [none]
[debug] [2026-03-12T18:37:03.442Z] >>> [apiv2][body] POST https://firebasehosting.googleapis.com/v1beta1/projects/-/sites/transitai-f9eaf/versions {"status":"CREATED","labels":{"deployment-tool":"cli-firebase"}}
[debug] [2026-03-12T18:37:04.367Z] <<< [apiv2][status] POST https://firebasehosting.googleapis.com/v1beta1/projects/-/sites/transitai-f9eaf/versions 200
[debug] [2026-03-12T18:37:04.367Z] <<< [apiv2][body] POST https://firebasehosting.googleapis.com/v1beta1/projects/-/sites/transitai-f9eaf/versions {"name":"projects/329391018354/sites/transitai-f9eaf/versions/2eaf8b7c8ef6ca9e","status":"CREATED","config":{},"labels":{"deployment-tool":"cli-firebase"}}
[debug] [2026-03-12T18:37:04.368Z] Checked if tokens are valid: true, expires at: 1773344202667
[debug] [2026-03-12T18:37:04.368Z] Checked if tokens are valid: true, expires at: 1773344202667
[debug] [2026-03-12T18:37:04.368Z] >>> [apiv2][query] POST https://cloudfunctions.googleapis.com/v1/projects/transitai-f9eaf/locations/us-central1/functions:generateUploadUrl [none]
[debug] [2026-03-12T18:37:04.369Z] >>> [apiv2][body] POST https://cloudfunctions.googleapis.com/v1/projects/transitai-f9eaf/locations/us-central1/functions:generateUploadUrl {}
[debug] [2026-03-12T18:37:04.909Z] <<< [apiv2][status] POST https://cloudfunctions.googleapis.com/v1/projects/transitai-f9eaf/locations/us-central1/functions:generateUploadUrl 200
[debug] [2026-03-12T18:37:04.909Z] <<< [apiv2][body] POST https://cloudfunctions.googleapis.com/v1/projects/transitai-f9eaf/locations/us-central1/functions:generateUploadUrl {"uploadUrl":"https://storage.googleapis.com/uploads-131388616217.us-central1.cloudfunctions.appspot.com/119fc9f1-7b9e-4841-8893-54c41cb2b455.zip?GoogleAccessId=service-329391018354@gcf-admin-robot.iam.gserviceaccount.com&Expires=1773342424&Signature=V4FCuQjBU%2FLcSk8KxF8OH1%2BzxoKEWj7FS8JRTLXu410AHXCaC%2FXOaOhGUTIzei5J3mU8XVREXGbvcW9P5cWStzLjtJ8LZvBBAyMu5cohAFNgE4MIPkUzBk4Er6XlPCy2jV3qo%2B0VGwo4OhkWeNpt1VX8OOlvHqfxMO0l83mlVThJrjaY3vBRQsOktu8JFv9hS%2Fx9futQ%2FHPkrPZAUBI%2FjBIUyPpHxgxuDV0XyJh%2BSTX3Atvjl9nWqp2JyjzeT%2BKF%2F8gqhxWAH3uMnhtovUXjfL0a1eFLATHPKvdGmwyTgQ8qNYbBMQbxCVmhhwO%2FnuZf0GrdWvZ6T5cOxnKLkiy2pA%3D%3D"}
[debug] [2026-03-12T18:37:04.910Z] >>> [apiv2][query] PUT https://storage.googleapis.com/uploads-131388616217.us-central1.cloudfunctions.appspot.com/119fc9f1-7b9e-4841-8893-54c41cb2b455.zip GoogleAccessId=service-329391018354%40gcf-admin-robot.iam.gserviceaccount.com&Expires=1773342424&Signature=V4FCuQjBU%2FLcSk8KxF8OH1%2BzxoKEWj7FS8JRTLXu410AHXCaC%2FXOaOhGUTIzei5J3mU8XVREXGbvcW9P5cWStzLjtJ8LZvBBAyMu5cohAFNgE4MIPkUzBk4Er6XlPCy2jV3qo%2B0VGwo4OhkWeNpt1VX8OOlvHqfxMO0l83mlVThJrjaY3vBRQsOktu8JFv9hS%2Fx9futQ%2FHPkrPZAUBI%2FjBIUyPpHxgxuDV0XyJh%2BSTX3Atvjl9nWqp2JyjzeT%2BKF%2F8gqhxWAH3uMnhtovUXjfL0a1eFLATHPKvdGmwyTgQ8qNYbBMQbxCVmhhwO%2FnuZf0GrdWvZ6T5cOxnKLkiy2pA%3D%3D
[debug] [2026-03-12T18:37:04.910Z] >>> [apiv2][body] PUT https://storage.googleapis.com/uploads-131388616217.us-central1.cloudfunctions.appspot.com/119fc9f1-7b9e-4841-8893-54c41cb2b455.zip [stream]
[debug] [2026-03-12T18:37:05.138Z] <<< [apiv2][status] PUT https://storage.googleapis.com/uploads-131388616217.us-central1.cloudfunctions.appspot.com/119fc9f1-7b9e-4841-8893-54c41cb2b455.zip 200
[debug] [2026-03-12T18:37:05.138Z] <<< [apiv2][body] PUT https://storage.googleapis.com/uploads-131388616217.us-central1.cloudfunctions.appspot.com/119fc9f1-7b9e-4841-8893-54c41cb2b455.zip [omitted]
[info] ✔  functions: functions source uploaded successfully 
[info] i  hosting[transitai-f9eaf]: beginning deploy... 
[info] i  hosting[transitai-f9eaf]: found 4 files in dist 
[debug] [2026-03-12T18:37:05.163Z] [hosting] uploading with 200 concurrency
[debug] [2026-03-12T18:37:05.170Z] Checked if tokens are valid: true, expires at: 1773344202667
[debug] [2026-03-12T18:37:05.171Z] Checked if tokens are valid: true, expires at: 1773344202667
[debug] [2026-03-12T18:37:05.171Z] [hosting] hash cache [ZGlzdA] stored for 4 files
[debug] [2026-03-12T18:37:05.171Z] [hosting][hash queue][FINAL] {"max":4,"min":3,"avg":3.25,"active":0,"complete":4,"success":4,"errored":0,"retried":0,"total":4,"elapsed":5}
[debug] [2026-03-12T18:37:05.172Z] >>> [apiv2][query] POST https://firebasehosting.googleapis.com/v1beta1/projects/329391018354/sites/transitai-f9eaf/versions/2eaf8b7c8ef6ca9e:populateFiles [none]
[debug] [2026-03-12T18:37:05.172Z] >>> [apiv2][body] POST https://firebasehosting.googleapis.com/v1beta1/projects/329391018354/sites/transitai-f9eaf/versions/2eaf8b7c8ef6ca9e:populateFiles {"files":{"/index.html":"7af58c67fa21c76553927ab334438ced44b43eee877e50a4d78e86c32dc1e9f7","/404.html":"6537619fa0edb6a05c3fa83265461172fea2307ecff34424f323310c8c8eb4be","/assets/index-BaX-jByq.js":"f01c70ba60661770156b2fdbeda52b2b7251bfdece0064c2e1e9f4edcc578f86","/assets/index-CGmN-Qw7.css":"a3031632f73cca1c23d2741cac7f24d9a077a2459520175a56b353db99e88c11"}}
[debug] [2026-03-12T18:37:05.732Z] <<< [apiv2][status] POST https://firebasehosting.googleapis.com/v1beta1/projects/329391018354/sites/transitai-f9eaf/versions/2eaf8b7c8ef6ca9e:populateFiles 200
[debug] [2026-03-12T18:37:05.732Z] <<< [apiv2][body] POST https://firebasehosting.googleapis.com/v1beta1/projects/329391018354/sites/transitai-f9eaf/versions/2eaf8b7c8ef6ca9e:populateFiles {"uploadUrl":"https://upload-firebasehosting.googleapis.com/upload/sites/transitai-f9eaf/versions/2eaf8b7c8ef6ca9e/files"}
[debug] [2026-03-12T18:37:05.732Z] [hosting][populate queue][FINAL] {"max":562,"min":562,"avg":562,"active":0,"complete":1,"success":1,"errored":0,"retried":0,"total":1,"elapsed":562}
[debug] [2026-03-12T18:37:05.732Z] [hosting] uploads queued: 0
[debug] [2026-03-12T18:37:05.732Z] [hosting][upload queue][FINAL] {"max":0,"min":9999999999,"avg":0,"active":0,"complete":0,"success":0,"errored":0,"retried":0,"total":0,"elapsed":1773340625732}
[info] ✔  hosting[transitai-f9eaf]: file upload complete 
[debug] [2026-03-12T18:37:05.733Z] [hosting] deploy completed after 592ms
[info] i  functions: updating Node.js 20 (1st Gen) function api(us-central1)... 
[debug] [2026-03-12T18:37:05.737Z] Checked if tokens are valid: true, expires at: 1773344202667
[debug] [2026-03-12T18:37:05.737Z] Checked if tokens are valid: true, expires at: 1773344202667
[debug] [2026-03-12T18:37:05.737Z] >>> [apiv2][query] PATCH https://cloudfunctions.googleapis.com/v1/projects/transitai-f9eaf/locations/us-central1/functions/api updateMask=name%2CsourceUploadUrl%2CentryPoint%2Cruntime%2CdockerRegistry%2Clabels%2ChttpsTrigger.securityLevel%2CminInstances%2CmaxInstances%2CingressSettings%2CenvironmentVariables%2CserviceAccountEmail%2CavailableMemoryMb%2Ctimeout%2CvpcConnector%2CvpcConnectorEgressSettings%2CsourceToken%2CbuildEnvironmentVariables
[debug] [2026-03-12T18:37:05.737Z] >>> [apiv2][body] PATCH https://cloudfunctions.googleapis.com/v1/projects/transitai-f9eaf/locations/us-central1/functions/api {"name":"projects/transitai-f9eaf/locations/us-central1/functions/api","sourceUploadUrl":"https://storage.googleapis.com/uploads-131388616217.us-central1.cloudfunctions.appspot.com/119fc9f1-7b9e-4841-8893-54c41cb2b455.zip?GoogleAccessId=service-329391018354@gcf-admin-robot.iam.gserviceaccount.com&Expires=1773342424&Signature=V4FCuQjBU%2FLcSk8KxF8OH1%2BzxoKEWj7FS8JRTLXu410AHXCaC%2FXOaOhGUTIzei5J3mU8XVREXGbvcW9P5cWStzLjtJ8LZvBBAyMu5cohAFNgE4MIPkUzBk4Er6XlPCy2jV3qo%2B0VGwo4OhkWeNpt1VX8OOlvHqfxMO0l83mlVThJrjaY3vBRQsOktu8JFv9hS%2Fx9futQ%2FHPkrPZAUBI%2FjBIUyPpHxgxuDV0XyJh%2BSTX3Atvjl9nWqp2JyjzeT%2BKF%2F8gqhxWAH3uMnhtovUXjfL0a1eFLATHPKvdGmwyTgQ8qNYbBMQbxCVmhhwO%2FnuZf0GrdWvZ6T5cOxnKLkiy2pA%3D%3D","entryPoint":"api","runtime":"nodejs20","dockerRegistry":"ARTIFACT_REGISTRY","labels":{"deployment-tool":"cli-firebase","firebase-functions-hash":"cecc7b691f87c2fedb5a170e98cfb35644839cd4"},"httpsTrigger":{"securityLevel":"SECURE_ALWAYS"},"minInstances":null,"maxInstances":null,"ingressSettings":null,"environmentVariables":{"FIREBASE_CONFIG":"{\"projectId\":\"transitai-f9eaf\",\"storageBucket\":\"transitai-f9eaf.firebasestorage.app\"}","GCLOUD_PROJECT":"transitai-f9eaf","EVENTARC_CLOUD_EVENT_SOURCE":"projects/transitai-f9eaf/locations/us-central1/functions/api"},"serviceAccountEmail":null,"availableMemoryMb":null,"timeout":null,"vpcConnector":null,"vpcConnectorEgressSettings":null,"buildEnvironmentVariables":{"GOOGLE_NODE_RUN_SCRIPTS":""}}
[debug] [2026-03-12T18:37:06.364Z] <<< [apiv2][status] PATCH https://cloudfunctions.googleapis.com/v1/projects/transitai-f9eaf/locations/us-central1/functions/api 200
[debug] [2026-03-12T18:37:06.364Z] <<< [apiv2][body] PATCH https://cloudfunctions.googleapis.com/v1/projects/transitai-f9eaf/locations/us-central1/functions/api {"name":"operations/dHJhbnNpdGFpLWY5ZWFmL3VzLWNlbnRyYWwxL2FwaS9LSEVOYTExLXZSVQ","metadata":{"@type":"type.googleapis.com/google.cloud.functions.v1.OperationMetadataV1","target":"projects/transitai-f9eaf/locations/us-central1/functions/api","type":"UPDATE_FUNCTION","request":{"@type":"type.googleapis.com/google.cloud.functions.v1.CloudFunction","name":"projects/transitai-f9eaf/locations/us-central1/functions/api","httpsTrigger":{"url":"https://us-central1-transitai-f9eaf.cloudfunctions.net/api","securityLevel":"SECURE_ALWAYS"},"status":"OFFLINE","entryPoint":"api","updateTime":"2026-02-20T16:17:21.765Z","versionId":"6","labels":{"deployment-tool":"cli-firebase","firebase-functions-hash":"cecc7b691f87c2fedb5a170e98cfb35644839cd4"},"sourceUploadUrl":"https://storage.googleapis.com/uploads-131388616217.us-central1.cloudfunctions.appspot.com/119fc9f1-7b9e-4841-8893-54c41cb2b455.zip?GoogleAccessId=service-329391018354@gcf-admin-robot.iam.gserviceaccount.com&Expires=1773342424&Signature=V4FCuQjBU%2FLcSk8KxF8OH1%2BzxoKEWj7FS8JRTLXu410AHXCaC%2FXOaOhGUTIzei5J3mU8XVREXGbvcW9P5cWStzLjtJ8LZvBBAyMu5cohAFNgE4MIPkUzBk4Er6XlPCy2jV3qo%2B0VGwo4OhkWeNpt1VX8OOlvHqfxMO0l83mlVThJrjaY3vBRQsOktu8JFv9hS%2Fx9futQ%2FHPkrPZAUBI%2FjBIUyPpHxgxuDV0XyJh%2BSTX3Atvjl9nWqp2JyjzeT%2BKF%2F8gqhxWAH3uMnhtovUXjfL0a1eFLATHPKvdGmwyTgQ8qNYbBMQbxCVmhhwO%2FnuZf0GrdWvZ6T5cOxnKLkiy2pA%3D%3D","environmentVariables":{"FIREBASE_CONFIG":"{\"projectId\":\"transitai-f9eaf\",\"storageBucket\":\"transitai-f9eaf.firebasestorage.app\"}","GCLOUD_PROJECT":"transitai-f9eaf","EVENTARC_CLOUD_EVENT_SOURCE":"projects/transitai-f9eaf/locations/us-central1/functions/api"},"runtime":"nodejs20","buildId":"fa1f1202-3310-42d7-9087-491f85958630","buildEnvironmentVariables":{"GOOGLE_NODE_RUN_SCRIPTS":""},"buildName":"projects/329391018354/locations/us-central1/builds/fa1f1202-3310-42d7-9087-491f85958630","dockerRegistry":"ARTIFACT_REGISTRY","automaticUpdatePolicy":{},"buildServiceAccount":"projects/transitai-f9eaf/serviceAccounts/329391018354-compute@developer.gserviceaccount.com"},"versionId":"7","updateTime":"2026-03-12T18:37:06Z"}}
[debug] [2026-03-12T18:37:06.365Z] Checked if tokens are valid: true, expires at: 1773344202667
[debug] [2026-03-12T18:37:06.365Z] Checked if tokens are valid: true, expires at: 1773344202667
[debug] [2026-03-12T18:37:06.365Z] >>> [apiv2][query] GET https://cloudfunctions.googleapis.com/v1/operations/dHJhbnNpdGFpLWY5ZWFmL3VzLWNlbnRyYWwxL2FwaS9LSEVOYTExLXZSVQ [none]
[debug] [2026-03-12T18:37:06.588Z] <<< [apiv2][status] GET https://cloudfunctions.googleapis.com/v1/operations/dHJhbnNpdGFpLWY5ZWFmL3VzLWNlbnRyYWwxL2FwaS9LSEVOYTExLXZSVQ 200
[debug] [2026-03-12T18:37:06.588Z] <<< [apiv2][body] GET https://cloudfunctions.googleapis.com/v1/operations/dHJhbnNpdGFpLWY5ZWFmL3VzLWNlbnRyYWwxL2FwaS9LSEVOYTExLXZSVQ {"name":"operations/dHJhbnNpdGFpLWY5ZWFmL3VzLWNlbnRyYWwxL2FwaS9LSEVOYTExLXZSVQ","metadata":{"@type":"type.googleapis.com/google.cloud.functions.v1.OperationMetadataV1","target":"projects/transitai-f9eaf/locations/us-central1/functions/api","type":"UPDATE_FUNCTION","request":{"@type":"type.googleapis.com/google.cloud.functions.v1.CloudFunction","name":"projects/transitai-f9eaf/locations/us-central1/functions/api","httpsTrigger":{"url":"https://us-central1-transitai-f9eaf.cloudfunctions.net/api","securityLevel":"SECURE_ALWAYS"},"status":"OFFLINE","entryPoint":"api","updateTime":"2026-02-20T16:17:21.765Z","versionId":"6","labels":{"deployment-tool":"cli-firebase","firebase-functions-hash":"cecc7b691f87c2fedb5a170e98cfb35644839cd4"},"sourceUploadUrl":"https://storage.googleapis.com/uploads-131388616217.us-central1.cloudfunctions.appspot.com/119fc9f1-7b9e-4841-8893-54c41cb2b455.zip?GoogleAccessId=service-329391018354@gcf-admin-robot.iam.gserviceaccount.com&Expires=1773342424&Signature=V4FCuQjBU%2FLcSk8KxF8OH1%2BzxoKEWj7FS8JRTLXu410AHXCaC%2FXOaOhGUTIzei5J3mU8XVREXGbvcW9P5cWStzLjtJ8LZvBBAyMu5cohAFNgE4MIPkUzBk4Er6XlPCy2jV3qo%2B0VGwo4OhkWeNpt1VX8OOlvHqfxMO0l83mlVThJrjaY3vBRQsOktu8JFv9hS%2Fx9futQ%2FHPkrPZAUBI%2FjBIUyPpHxgxuDV0XyJh%2BSTX3Atvjl9nWqp2JyjzeT%2BKF%2F8gqhxWAH3uMnhtovUXjfL0a1eFLATHPKvdGmwyTgQ8qNYbBMQbxCVmhhwO%2FnuZf0GrdWvZ6T5cOxnKLkiy2pA%3D%3D","environmentVariables":{"FIREBASE_CONFIG":"{\"projectId\":\"transitai-f9eaf\",\"storageBucket\":\"transitai-f9eaf.firebasestorage.app\"}","GCLOUD_PROJECT":"transitai-f9eaf","EVENTARC_CLOUD_EVENT_SOURCE":"projects/transitai-f9eaf/locations/us-central1/functions/api"},"runtime":"nodejs20","buildId":"fa1f1202-3310-42d7-9087-491f85958630","buildEnvironmentVariables":{"GOOGLE_NODE_RUN_SCRIPTS":""},"buildName":"projects/329391018354/locations/us-central1/builds/fa1f1202-3310-42d7-9087-491f85958630","dockerRegistry":"ARTIFACT_REGISTRY","automaticUpdatePolicy":{},"buildServiceAccount":"projects/transitai-f9eaf/serviceAccounts/329391018354-compute@developer.gserviceaccount.com"},"versionId":"7","updateTime":"2026-03-12T18:37:06Z"}}
[debug] [2026-03-12T18:37:07.088Z] [update-default-us-central1-api] Retrying task index 0
[debug] [2026-03-12T18:37:07.089Z] Checked if tokens are valid: true, expires at: 1773344202667
[debug] [2026-03-12T18:37:07.089Z] Checked if tokens are valid: true, expires at: 1773344202667
[debug] [2026-03-12T18:37:07.089Z] >>> [apiv2][query] GET https://cloudfunctions.googleapis.com/v1/operations/dHJhbnNpdGFpLWY5ZWFmL3VzLWNlbnRyYWwxL2FwaS9LSEVOYTExLXZSVQ [none]
[debug] [2026-03-12T18:37:07.249Z] <<< [apiv2][status] GET https://cloudfunctions.googleapis.com/v1/operations/dHJhbnNpdGFpLWY5ZWFmL3VzLWNlbnRyYWwxL2FwaS9LSEVOYTExLXZSVQ 200
[debug] [2026-03-12T18:37:07.249Z] <<< [apiv2][body] GET https://cloudfunctions.googleapis.com/v1/operations/dHJhbnNpdGFpLWY5ZWFmL3VzLWNlbnRyYWwxL2FwaS9LSEVOYTExLXZSVQ {"name":"operations/dHJhbnNpdGFpLWY5ZWFmL3VzLWNlbnRyYWwxL2FwaS9LSEVOYTExLXZSVQ","metadata":{"@type":"type.googleapis.com/google.cloud.functions.v1.OperationMetadataV1","target":"projects/transitai-f9eaf/locations/us-central1/functions/api","type":"UPDATE_FUNCTION","request":{"@type":"type.googleapis.com/google.cloud.functions.v1.CloudFunction","name":"projects/transitai-f9eaf/locations/us-central1/functions/api","httpsTrigger":{"url":"https://us-central1-transitai-f9eaf.cloudfunctions.net/api","securityLevel":"SECURE_ALWAYS"},"status":"OFFLINE","entryPoint":"api","updateTime":"2026-02-20T16:17:21.765Z","versionId":"6","labels":{"deployment-tool":"cli-firebase","firebase-functions-hash":"cecc7b691f87c2fedb5a170e98cfb35644839cd4"},"sourceUploadUrl":"https://storage.googleapis.com/uploads-131388616217.us-central1.cloudfunctions.appspot.com/119fc9f1-7b9e-4841-8893-54c41cb2b455.zip?GoogleAccessId=service-329391018354@gcf-admin-robot.iam.gserviceaccount.com&Expires=1773342424&Signature=V4FCuQjBU%2FLcSk8KxF8OH1%2BzxoKEWj7FS8JRTLXu410AHXCaC%2FXOaOhGUTIzei5J3mU8XVREXGbvcW9P5cWStzLjtJ8LZvBBAyMu5cohAFNgE4MIPkUzBk4Er6XlPCy2jV3qo%2B0VGwo4OhkWeNpt1VX8OOlvHqfxMO0l83mlVThJrjaY3vBRQsOktu8JFv9hS%2Fx9futQ%2FHPkrPZAUBI%2FjBIUyPpHxgxuDV0XyJh%2BSTX3Atvjl9nWqp2JyjzeT%2BKF%2F8gqhxWAH3uMnhtovUXjfL0a1eFLATHPKvdGmwyTgQ8qNYbBMQbxCVmhhwO%2FnuZf0GrdWvZ6T5cOxnKLkiy2pA%3D%3D","environmentVariables":{"FIREBASE_CONFIG":"{\"projectId\":\"transitai-f9eaf\",\"storageBucket\":\"transitai-f9eaf.firebasestorage.app\"}","GCLOUD_PROJECT":"transitai-f9eaf","EVENTARC_CLOUD_EVENT_SOURCE":"projects/transitai-f9eaf/locations/us-central1/functions/api"},"runtime":"nodejs20","buildId":"fa1f1202-3310-42d7-9087-491f85958630","buildEnvironmentVariables":{"GOOGLE_NODE_RUN_SCRIPTS":""},"buildName":"projects/329391018354/locations/us-central1/builds/fa1f1202-3310-42d7-9087-491f85958630","dockerRegistry":"ARTIFACT_REGISTRY","automaticUpdatePolicy":{},"buildServiceAccount":"projects/transitai-f9eaf/serviceAccounts/329391018354-compute@developer.gserviceaccount.com"},"versionId":"7","updateTime":"2026-03-12T18:37:06Z"}}
[debug] [2026-03-12T18:37:08.250Z] [update-default-us-central1-api] Retrying task index 0
[debug] [2026-03-12T18:37:08.250Z] Checked if tokens are valid: true, expires at: 1773344202667
[debug] [2026-03-12T18:37:08.250Z] Checked if tokens are valid: true, expires at: 1773344202667
[debug] [2026-03-12T18:37:08.250Z] >>> [apiv2][query] GET https://cloudfunctions.googleapis.com/v1/operations/dHJhbnNpdGFpLWY5ZWFmL3VzLWNlbnRyYWwxL2FwaS9LSEVOYTExLXZSVQ [none]
[debug] [2026-03-12T18:37:08.411Z] <<< [apiv2][status] GET https://cloudfunctions.googleapis.com/v1/operations/dHJhbnNpdGFpLWY5ZWFmL3VzLWNlbnRyYWwxL2FwaS9LSEVOYTExLXZSVQ 200
[debug] [2026-03-12T18:37:08.411Z] <<< [apiv2][body] GET https://cloudfunctions.googleapis.com/v1/operations/dHJhbnNpdGFpLWY5ZWFmL3VzLWNlbnRyYWwxL2FwaS9LSEVOYTExLXZSVQ {"name":"operations/dHJhbnNpdGFpLWY5ZWFmL3VzLWNlbnRyYWwxL2FwaS9LSEVOYTExLXZSVQ","metadata":{"@type":"type.googleapis.com/google.cloud.functions.v1.OperationMetadataV1","target":"projects/transitai-f9eaf/locations/us-central1/functions/api","type":"UPDATE_FUNCTION","request":{"@type":"type.googleapis.com/google.cloud.functions.v1.CloudFunction","name":"projects/transitai-f9eaf/locations/us-central1/functions/api","httpsTrigger":{"url":"https://us-central1-transitai-f9eaf.cloudfunctions.net/api","securityLevel":"SECURE_ALWAYS"},"status":"OFFLINE","entryPoint":"api","updateTime":"2026-02-20T16:17:21.765Z","versionId":"6","labels":{"deployment-tool":"cli-firebase","firebase-functions-hash":"cecc7b691f87c2fedb5a170e98cfb35644839cd4"},"sourceUploadUrl":"https://storage.googleapis.com/uploads-131388616217.us-central1.cloudfunctions.appspot.com/119fc9f1-7b9e-4841-8893-54c41cb2b455.zip?GoogleAccessId=service-329391018354@gcf-admin-robot.iam.gserviceaccount.com&Expires=1773342424&Signature=V4FCuQjBU%2FLcSk8KxF8OH1%2BzxoKEWj7FS8JRTLXu410AHXCaC%2FXOaOhGUTIzei5J3mU8XVREXGbvcW9P5cWStzLjtJ8LZvBBAyMu5cohAFNgE4MIPkUzBk4Er6XlPCy2jV3qo%2B0VGwo4OhkWeNpt1VX8OOlvHqfxMO0l83mlVThJrjaY3vBRQsOktu8JFv9hS%2Fx9futQ%2FHPkrPZAUBI%2FjBIUyPpHxgxuDV0XyJh%2BSTX3Atvjl9nWqp2JyjzeT%2BKF%2F8gqhxWAH3uMnhtovUXjfL0a1eFLATHPKvdGmwyTgQ8qNYbBMQbxCVmhhwO%2FnuZf0GrdWvZ6T5cOxnKLkiy2pA%3D%3D","environmentVariables":{"FIREBASE_CONFIG":"{\"projectId\":\"transitai-f9eaf\",\"storageBucket\":\"transitai-f9eaf.firebasestorage.app\"}","GCLOUD_PROJECT":"transitai-f9eaf","EVENTARC_CLOUD_EVENT_SOURCE":"projects/transitai-f9eaf/locations/us-central1/functions/api"},"runtime":"nodejs20","buildId":"fa1f1202-3310-42d7-9087-491f85958630","buildEnvironmentVariables":{"GOOGLE_NODE_RUN_SCRIPTS":""},"buildName":"projects/329391018354/locations/us-central1/builds/fa1f1202-3310-42d7-9087-491f85958630","dockerRegistry":"ARTIFACT_REGISTRY","automaticUpdatePolicy":{},"buildServiceAccount":"projects/transitai-f9eaf/serviceAccounts/329391018354-compute@developer.gserviceaccount.com"},"versionId":"7","updateTime":"2026-03-12T18:37:06Z","buildId":"c03c8fc1-afa9-46f4-ae3c-89d601424f15","buildName":"projects/329391018354/locations/us-central1/builds/c03c8fc1-afa9-46f4-ae3c-89d601424f15"}}
[debug] [2026-03-12T18:37:10.412Z] [update-default-us-central1-api] Retrying task index 0
[debug] [2026-03-12T18:37:10.412Z] Checked if tokens are valid: true, expires at: 1773344202667
[debug] [2026-03-12T18:37:10.413Z] Checked if tokens are valid: true, expires at: 1773344202667
[debug] [2026-03-12T18:37:10.413Z] >>> [apiv2][query] GET https://cloudfunctions.googleapis.com/v1/operations/dHJhbnNpdGFpLWY5ZWFmL3VzLWNlbnRyYWwxL2FwaS9LSEVOYTExLXZSVQ [none]
[debug] [2026-03-12T18:37:10.500Z] <<< [apiv2][status] GET https://cloudfunctions.googleapis.com/v1/operations/dHJhbnNpdGFpLWY5ZWFmL3VzLWNlbnRyYWwxL2FwaS9LSEVOYTExLXZSVQ 200
[debug] [2026-03-12T18:37:10.500Z] <<< [apiv2][body] GET https://cloudfunctions.googleapis.com/v1/operations/dHJhbnNpdGFpLWY5ZWFmL3VzLWNlbnRyYWwxL2FwaS9LSEVOYTExLXZSVQ {"name":"operations/dHJhbnNpdGFpLWY5ZWFmL3VzLWNlbnRyYWwxL2FwaS9LSEVOYTExLXZSVQ","metadata":{"@type":"type.googleapis.com/google.cloud.functions.v1.OperationMetadataV1","target":"projects/transitai-f9eaf/locations/us-central1/functions/api","type":"UPDATE_FUNCTION","request":{"@type":"type.googleapis.com/google.cloud.functions.v1.CloudFunction","name":"projects/transitai-f9eaf/locations/us-central1/functions/api","httpsTrigger":{"url":"https://us-central1-transitai-f9eaf.cloudfunctions.net/api","securityLevel":"SECURE_ALWAYS"},"status":"OFFLINE","entryPoint":"api","updateTime":"2026-02-20T16:17:21.765Z","versionId":"6","labels":{"deployment-tool":"cli-firebase","firebase-functions-hash":"cecc7b691f87c2fedb5a170e98cfb35644839cd4"},"sourceUploadUrl":"https://storage.googleapis.com/uploads-131388616217.us-central1.cloudfunctions.appspot.com/119fc9f1-7b9e-4841-8893-54c41cb2b455.zip?GoogleAccessId=service-329391018354@gcf-admin-robot.iam.gserviceaccount.com&Expires=1773342424&Signature=V4FCuQjBU%2FLcSk8KxF8OH1%2BzxoKEWj7FS8JRTLXu410AHXCaC%2FXOaOhGUTIzei5J3mU8XVREXGbvcW9P5cWStzLjtJ8LZvBBAyMu5cohAFNgE4MIPkUzBk4Er6XlPCy2jV3qo%2B0VGwo4OhkWeNpt1VX8OOlvHqfxMO0l83mlVThJrjaY3vBRQsOktu8JFv9hS%2Fx9futQ%2FHPkrPZAUBI%2FjBIUyPpHxgxuDV0XyJh%2BSTX3Atvjl9nWqp2JyjzeT%2BKF%2F8gqhxWAH3uMnhtovUXjfL0a1eFLATHPKvdGmwyTgQ8qNYbBMQbxCVmhhwO%2FnuZf0GrdWvZ6T5cOxnKLkiy2pA%3D%3D","environmentVariables":{"FIREBASE_CONFIG":"{\"projectId\":\"transitai-f9eaf\",\"storageBucket\":\"transitai-f9eaf.firebasestorage.app\"}","GCLOUD_PROJECT":"transitai-f9eaf","EVENTARC_CLOUD_EVENT_SOURCE":"projects/transitai-f9eaf/locations/us-central1/functions/api"},"runtime":"nodejs20","buildId":"fa1f1202-3310-42d7-9087-491f85958630","buildEnvironmentVariables":{"GOOGLE_NODE_RUN_SCRIPTS":""},"buildName":"projects/329391018354/locations/us-central1/builds/fa1f1202-3310-42d7-9087-491f85958630","dockerRegistry":"ARTIFACT_REGISTRY","automaticUpdatePolicy":{},"buildServiceAccount":"projects/transitai-f9eaf/serviceAccounts/329391018354-compute@developer.gserviceaccount.com"},"versionId":"7","updateTime":"2026-03-12T18:37:06Z","buildId":"c03c8fc1-afa9-46f4-ae3c-89d601424f15","buildName":"projects/329391018354/locations/us-central1/builds/c03c8fc1-afa9-46f4-ae3c-89d601424f15"}}
[debug] [2026-03-12T18:37:14.503Z] [update-default-us-central1-api] Retrying task index 0
[debug] [2026-03-12T18:37:14.504Z] Checked if tokens are valid: true, expires at: 1773344202667
[debug] [2026-03-12T18:37:14.504Z] Checked if tokens are valid: true, expires at: 1773344202667
[debug] [2026-03-12T18:37:14.504Z] >>> [apiv2][query] GET https://cloudfunctions.googleapis.com/v1/operations/dHJhbnNpdGFpLWY5ZWFmL3VzLWNlbnRyYWwxL2FwaS9LSEVOYTExLXZSVQ [none]
[debug] [2026-03-12T18:37:14.621Z] <<< [apiv2][status] GET https://cloudfunctions.googleapis.com/v1/operations/dHJhbnNpdGFpLWY5ZWFmL3VzLWNlbnRyYWwxL2FwaS9LSEVOYTExLXZSVQ 200
[debug] [2026-03-12T18:37:14.621Z] <<< [apiv2][body] GET https://cloudfunctions.googleapis.com/v1/operations/dHJhbnNpdGFpLWY5ZWFmL3VzLWNlbnRyYWwxL2FwaS9LSEVOYTExLXZSVQ {"name":"operations/dHJhbnNpdGFpLWY5ZWFmL3VzLWNlbnRyYWwxL2FwaS9LSEVOYTExLXZSVQ","metadata":{"@type":"type.googleapis.com/google.cloud.functions.v1.OperationMetadataV1","target":"projects/transitai-f9eaf/locations/us-central1/functions/api","type":"UPDATE_FUNCTION","request":{"@type":"type.googleapis.com/google.cloud.functions.v1.CloudFunction","name":"projects/transitai-f9eaf/locations/us-central1/functions/api","httpsTrigger":{"url":"https://us-central1-transitai-f9eaf.cloudfunctions.net/api","securityLevel":"SECURE_ALWAYS"},"status":"OFFLINE","entryPoint":"api","updateTime":"2026-02-20T16:17:21.765Z","versionId":"6","labels":{"deployment-tool":"cli-firebase","firebase-functions-hash":"cecc7b691f87c2fedb5a170e98cfb35644839cd4"},"sourceUploadUrl":"https://storage.googleapis.com/uploads-131388616217.us-central1.cloudfunctions.appspot.com/119fc9f1-7b9e-4841-8893-54c41cb2b455.zip?GoogleAccessId=service-329391018354@gcf-admin-robot.iam.gserviceaccount.com&Expires=1773342424&Signature=V4FCuQjBU%2FLcSk8KxF8OH1%2BzxoKEWj7FS8JRTLXu410AHXCaC%2FXOaOhGUTIzei5J3mU8XVREXGbvcW9P5cWStzLjtJ8LZvBBAyMu5cohAFNgE4MIPkUzBk4Er6XlPCy2jV3qo%2B0VGwo4OhkWeNpt1VX8OOlvHqfxMO0l83mlVThJrjaY3vBRQsOktu8JFv9hS%2Fx9futQ%2FHPkrPZAUBI%2FjBIUyPpHxgxuDV0XyJh%2BSTX3Atvjl9nWqp2JyjzeT%2BKF%2F8gqhxWAH3uMnhtovUXjfL0a1eFLATHPKvdGmwyTgQ8qNYbBMQbxCVmhhwO%2FnuZf0GrdWvZ6T5cOxnKLkiy2pA%3D%3D","environmentVariables":{"FIREBASE_CONFIG":"{\"projectId\":\"transitai-f9eaf\",\"storageBucket\":\"transitai-f9eaf.firebasestorage.app\"}","GCLOUD_PROJECT":"transitai-f9eaf","EVENTARC_CLOUD_EVENT_SOURCE":"projects/transitai-f9eaf/locations/us-central1/functions/api"},"runtime":"nodejs20","buildId":"fa1f1202-3310-42d7-9087-491f85958630","buildEnvironmentVariables":{"GOOGLE_NODE_RUN_SCRIPTS":""},"buildName":"projects/329391018354/locations/us-central1/builds/fa1f1202-3310-42d7-9087-491f85958630","dockerRegistry":"ARTIFACT_REGISTRY","automaticUpdatePolicy":{},"buildServiceAccount":"projects/transitai-f9eaf/serviceAccounts/329391018354-compute@developer.gserviceaccount.com"},"versionId":"7","updateTime":"2026-03-12T18:37:06Z","buildId":"c03c8fc1-afa9-46f4-ae3c-89d601424f15","buildName":"projects/329391018354/locations/us-central1/builds/c03c8fc1-afa9-46f4-ae3c-89d601424f15"}}
[debug] [2026-03-12T18:37:22.624Z] [update-default-us-central1-api] Retrying task index 0
[debug] [2026-03-12T18:37:22.625Z] Checked if tokens are valid: true, expires at: 1773344202667
[debug] [2026-03-12T18:37:22.625Z] Checked if tokens are valid: true, expires at: 1773344202667
[debug] [2026-03-12T18:37:22.625Z] >>> [apiv2][query] GET https://cloudfunctions.googleapis.com/v1/operations/dHJhbnNpdGFpLWY5ZWFmL3VzLWNlbnRyYWwxL2FwaS9LSEVOYTExLXZSVQ [none]
[debug] [2026-03-12T18:37:22.749Z] <<< [apiv2][status] GET https://cloudfunctions.googleapis.com/v1/operations/dHJhbnNpdGFpLWY5ZWFmL3VzLWNlbnRyYWwxL2FwaS9LSEVOYTExLXZSVQ 200
[debug] [2026-03-12T18:37:22.749Z] <<< [apiv2][body] GET https://cloudfunctions.googleapis.com/v1/operations/dHJhbnNpdGFpLWY5ZWFmL3VzLWNlbnRyYWwxL2FwaS9LSEVOYTExLXZSVQ {"name":"operations/dHJhbnNpdGFpLWY5ZWFmL3VzLWNlbnRyYWwxL2FwaS9LSEVOYTExLXZSVQ","metadata":{"@type":"type.googleapis.com/google.cloud.functions.v1.OperationMetadataV1","target":"projects/transitai-f9eaf/locations/us-central1/functions/api","type":"UPDATE_FUNCTION","request":{"@type":"type.googleapis.com/google.cloud.functions.v1.CloudFunction","name":"projects/transitai-f9eaf/locations/us-central1/functions/api","httpsTrigger":{"url":"https://us-central1-transitai-f9eaf.cloudfunctions.net/api","securityLevel":"SECURE_ALWAYS"},"status":"OFFLINE","entryPoint":"api","updateTime":"2026-02-20T16:17:21.765Z","versionId":"6","labels":{"deployment-tool":"cli-firebase","firebase-functions-hash":"cecc7b691f87c2fedb5a170e98cfb35644839cd4"},"sourceUploadUrl":"https://storage.googleapis.com/uploads-131388616217.us-central1.cloudfunctions.appspot.com/119fc9f1-7b9e-4841-8893-54c41cb2b455.zip?GoogleAccessId=service-329391018354@gcf-admin-robot.iam.gserviceaccount.com&Expires=1773342424&Signature=V4FCuQjBU%2FLcSk8KxF8OH1%2BzxoKEWj7FS8JRTLXu410AHXCaC%2FXOaOhGUTIzei5J3mU8XVREXGbvcW9P5cWStzLjtJ8LZvBBAyMu5cohAFNgE4MIPkUzBk4Er6XlPCy2jV3qo%2B0VGwo4OhkWeNpt1VX8OOlvHqfxMO0l83mlVThJrjaY3vBRQsOktu8JFv9hS%2Fx9futQ%2FHPkrPZAUBI%2FjBIUyPpHxgxuDV0XyJh%2BSTX3Atvjl9nWqp2JyjzeT%2BKF%2F8gqhxWAH3uMnhtovUXjfL0a1eFLATHPKvdGmwyTgQ8qNYbBMQbxCVmhhwO%2FnuZf0GrdWvZ6T5cOxnKLkiy2pA%3D%3D","environmentVariables":{"FIREBASE_CONFIG":"{\"projectId\":\"transitai-f9eaf\",\"storageBucket\":\"transitai-f9eaf.firebasestorage.app\"}","GCLOUD_PROJECT":"transitai-f9eaf","EVENTARC_CLOUD_EVENT_SOURCE":"projects/transitai-f9eaf/locations/us-central1/functions/api"},"runtime":"nodejs20","buildId":"fa1f1202-3310-42d7-9087-491f85958630","buildEnvironmentVariables":{"GOOGLE_NODE_RUN_SCRIPTS":""},"buildName":"projects/329391018354/locations/us-central1/builds/fa1f1202-3310-42d7-9087-491f85958630","dockerRegistry":"ARTIFACT_REGISTRY","automaticUpdatePolicy":{},"buildServiceAccount":"projects/transitai-f9eaf/serviceAccounts/329391018354-compute@developer.gserviceaccount.com"},"versionId":"7","updateTime":"2026-03-12T18:37:06Z","buildId":"c03c8fc1-afa9-46f4-ae3c-89d601424f15","buildName":"projects/329391018354/locations/us-central1/builds/c03c8fc1-afa9-46f4-ae3c-89d601424f15"}}
[debug] [2026-03-12T18:37:32.750Z] [update-default-us-central1-api] Retrying task index 0
[debug] [2026-03-12T18:37:32.750Z] Checked if tokens are valid: true, expires at: 1773344202667
[debug] [2026-03-12T18:37:32.750Z] Checked if tokens are valid: true, expires at: 1773344202667
[debug] [2026-03-12T18:37:32.751Z] >>> [apiv2][query] GET https://cloudfunctions.googleapis.com/v1/operations/dHJhbnNpdGFpLWY5ZWFmL3VzLWNlbnRyYWwxL2FwaS9LSEVOYTExLXZSVQ [none]
[debug] [2026-03-12T18:37:32.871Z] <<< [apiv2][status] GET https://cloudfunctions.googleapis.com/v1/operations/dHJhbnNpdGFpLWY5ZWFmL3VzLWNlbnRyYWwxL2FwaS9LSEVOYTExLXZSVQ 200
[debug] [2026-03-12T18:37:32.872Z] <<< [apiv2][body] GET https://cloudfunctions.googleapis.com/v1/operations/dHJhbnNpdGFpLWY5ZWFmL3VzLWNlbnRyYWwxL2FwaS9LSEVOYTExLXZSVQ {"name":"operations/dHJhbnNpdGFpLWY5ZWFmL3VzLWNlbnRyYWwxL2FwaS9LSEVOYTExLXZSVQ","metadata":{"@type":"type.googleapis.com/google.cloud.functions.v1.OperationMetadataV1","target":"projects/transitai-f9eaf/locations/us-central1/functions/api","type":"UPDATE_FUNCTION","request":{"@type":"type.googleapis.com/google.cloud.functions.v1.CloudFunction","name":"projects/transitai-f9eaf/locations/us-central1/functions/api","httpsTrigger":{"url":"https://us-central1-transitai-f9eaf.cloudfunctions.net/api","securityLevel":"SECURE_ALWAYS"},"status":"OFFLINE","entryPoint":"api","updateTime":"2026-02-20T16:17:21.765Z","versionId":"6","labels":{"deployment-tool":"cli-firebase","firebase-functions-hash":"cecc7b691f87c2fedb5a170e98cfb35644839cd4"},"sourceUploadUrl":"https://storage.googleapis.com/uploads-131388616217.us-central1.cloudfunctions.appspot.com/119fc9f1-7b9e-4841-8893-54c41cb2b455.zip?GoogleAccessId=service-329391018354@gcf-admin-robot.iam.gserviceaccount.com&Expires=1773342424&Signature=V4FCuQjBU%2FLcSk8KxF8OH1%2BzxoKEWj7FS8JRTLXu410AHXCaC%2FXOaOhGUTIzei5J3mU8XVREXGbvcW9P5cWStzLjtJ8LZvBBAyMu5cohAFNgE4MIPkUzBk4Er6XlPCy2jV3qo%2B0VGwo4OhkWeNpt1VX8OOlvHqfxMO0l83mlVThJrjaY3vBRQsOktu8JFv9hS%2Fx9futQ%2FHPkrPZAUBI%2FjBIUyPpHxgxuDV0XyJh%2BSTX3Atvjl9nWqp2JyjzeT%2BKF%2F8gqhxWAH3uMnhtovUXjfL0a1eFLATHPKvdGmwyTgQ8qNYbBMQbxCVmhhwO%2FnuZf0GrdWvZ6T5cOxnKLkiy2pA%3D%3D","environmentVariables":{"FIREBASE_CONFIG":"{\"projectId\":\"transitai-f9eaf\",\"storageBucket\":\"transitai-f9eaf.firebasestorage.app\"}","GCLOUD_PROJECT":"transitai-f9eaf","EVENTARC_CLOUD_EVENT_SOURCE":"projects/transitai-f9eaf/locations/us-central1/functions/api"},"runtime":"nodejs20","buildId":"fa1f1202-3310-42d7-9087-491f85958630","buildEnvironmentVariables":{"GOOGLE_NODE_RUN_SCRIPTS":""},"buildName":"projects/329391018354/locations/us-central1/builds/fa1f1202-3310-42d7-9087-491f85958630","dockerRegistry":"ARTIFACT_REGISTRY","automaticUpdatePolicy":{},"buildServiceAccount":"projects/transitai-f9eaf/serviceAccounts/329391018354-compute@developer.gserviceaccount.com"},"versionId":"7","updateTime":"2026-03-12T18:37:31Z","buildId":"c03c8fc1-afa9-46f4-ae3c-89d601424f15","buildName":"projects/329391018354/locations/us-central1/builds/c03c8fc1-afa9-46f4-ae3c-89d601424f15"},"done":true,"error":{"code":13,"message":"Build failed: Build error details not available.Please check the logs at https://console.cloud.google.com/cloud-build/builds;region=us-central1/c03c8fc1-afa9-46f4-ae3c-89d601424f15?project=329391018354. Please visit https://cloud.google.com/functions/docs/troubleshooting#build for in-depth troubleshooting documentation for build related errors."}}
[debug] [2026-03-12T18:37:32.872Z] Got source token undefined for region us-central1
[error] Build failed: Build error details not available.Please check the logs at https://console.cloud.google.com/cloud-build/builds;region=us-central1/c03c8fc1-afa9-46f4-ae3c-89d601424f15?project=329391018354. Please visit https://cloud.google.com/functions/docs/troubleshooting#build for in-depth troubleshooting documentation for build related errors.
[debug] [2026-03-12T18:37:32.873Z] Total Function Deployment time: 27138
[debug] [2026-03-12T18:37:32.873Z] 1 Functions Deployed
[debug] [2026-03-12T18:37:32.873Z] 1 Functions Errored
[debug] [2026-03-12T18:37:32.873Z] 0 Function Deployments Aborted
[debug] [2026-03-12T18:37:32.873Z] Average Function Deployment time: 27137
[info] 
[info] Functions deploy had errors with the following functions:
	api(us-central1)
[debug] [2026-03-12T18:37:32.874Z] Not printing URL for HTTPS function. Typically this means it didn't match a filter or we failed deployment
[debug] [2026-03-12T18:37:32.875Z] Checked if tokens are valid: true, expires at: 1773344202667
[debug] [2026-03-12T18:37:32.875Z] Checked if tokens are valid: true, expires at: 1773344202667
[debug] [2026-03-12T18:37:32.875Z] >>> [apiv2][query] GET https://artifactregistry.googleapis.com/v1/projects/transitai-f9eaf/locations/us-central1/repositories/gcf-artifacts [none]
[debug] [2026-03-12T18:37:33.177Z] <<< [apiv2][status] GET https://artifactregistry.googleapis.com/v1/projects/transitai-f9eaf/locations/us-central1/repositories/gcf-artifacts 200
[debug] [2026-03-12T18:37:33.178Z] <<< [apiv2][body] GET https://artifactregistry.googleapis.com/v1/projects/transitai-f9eaf/locations/us-central1/repositories/gcf-artifacts {"name":"projects/transitai-f9eaf/locations/us-central1/repositories/gcf-artifacts","format":"DOCKER","description":"This repository is created and used by Cloud Functions for storing function docker images.","labels":{"goog-managed-by":"cloudfunctions"},"createTime":"2026-02-20T16:16:58.389482Z","updateTime":"2026-02-20T16:19:36.781317Z","mode":"STANDARD_REPOSITORY","cleanupPolicies":{"firebase-functions-cleanup":{"id":"firebase-functions-cleanup","action":"DELETE","condition":{"tagState":"ANY","olderThan":"7776000s"}}},"vulnerabilityScanningConfig":{"lastEnableTime":"2026-02-20T16:16:50.073551727Z","enablementState":"SCANNING_DISABLED","enablementStateReason":"API containerscanning.googleapis.com is not enabled."},"satisfiesPzi":true,"registryUri":"us-central1-docker.pkg.dev/transitai-f9eaf/gcf-artifacts"}
[debug] [2026-03-12T18:37:33.178Z] Functions deploy failed.
[debug] [2026-03-12T18:37:33.178Z] {
  "endpoint": {
    "id": "api",
    "project": "transitai-f9eaf",
    "region": "us-central1",
    "entryPoint": "api",
    "platform": "gcfv1",
    "runtime": "nodejs20",
    "httpsTrigger": {},
    "serviceAccount": null,
    "ingressSettings": null,
    "availableMemoryMb": null,
    "timeoutSeconds": null,
    "maxInstances": null,
    "minInstances": null,
    "vpc": null,
    "environmentVariables": {
      "FIREBASE_CONFIG": "{\"projectId\":\"transitai-f9eaf\",\"storageBucket\":\"transitai-f9eaf.firebasestorage.app\"}",
      "GCLOUD_PROJECT": "transitai-f9eaf",
      "EVENTARC_CLOUD_EVENT_SOURCE": "projects/transitai-f9eaf/locations/us-central1/functions/api"
    },
    "codebase": "default",
    "securityLevel": "SECURE_ALWAYS",
    "targetedByOnly": false,
    "hash": "cecc7b691f87c2fedb5a170e98cfb35644839cd4",
    "labels": {
      "deployment-tool": "cli-firebase"
    }
  },
  "op": "update",
  "original": {
    "name": "FirebaseError",
    "children": [],
    "exit": 1,
    "message": "Build failed: Build error details not available.Please check the logs at https://console.cloud.google.com/cloud-build/builds;region=us-central1/c03c8fc1-afa9-46f4-ae3c-89d601424f15?project=329391018354. Please visit https://cloud.google.com/functions/docs/troubleshooting#build for in-depth troubleshooting documentation for build related errors.",
    "original": {
      "code": 13,
      "message": "Build failed: Build error details not available.Please check the logs at https://console.cloud.google.com/cloud-build/builds;region=us-central1/c03c8fc1-afa9-46f4-ae3c-89d601424f15?project=329391018354. Please visit https://cloud.google.com/functions/docs/troubleshooting#build for in-depth troubleshooting documentation for build related errors."
    },
    "status": 13,
    "code": 13
  }
}
[debug] [2026-03-12T18:37:33.179Z] Error: Failed to update function api in region us-central1
    at /usr/local/share/nvm/versions/node/v24.11.1/lib/node_modules/firebase-tools/lib/deploy/functions/release/fabricator.js:54:11
    at process.processTicksAndRejections (node:internal/process/task_queues:103:5)
    at async Fabricator.updateV1Function (/usr/local/share/nvm/versions/node/v24.11.1/lib/node_modules/firebase-tools/lib/deploy/functions/release/fabricator.js:384:32)
    at async Fabricator.updateEndpoint (/usr/local/share/nvm/versions/node/v24.11.1/lib/node_modules/firebase-tools/lib/deploy/functions/release/fabricator.js:157:13)
    at async handle (/usr/local/share/nvm/versions/node/v24.11.1/lib/node_modules/firebase-tools/lib/deploy/functions/release/fabricator.js:91:17)
[error] 
[error] Error: There was an error deploying functions
